2024-03-05 23:21:33:772 grammar LogManager.java:25 before: (COMBINED_GRAMMAR Compilador (RULES (RULE start (BLOCK (ALT INICIALIZACION LLAVE_I contenido LLAVE_F))) (RULE contenido (BLOCK (ALT (* (BLOCK (ALT declaracion) (ALT asignacion) (ALT imprimir)))))) (RULE declaracion (BLOCK (ALT pr ID (? (BLOCK (ALT ASIGNACION valor))) SEMI))) (RULE asignacion (BLOCK (ALT ID ASIGNACION valor SEMI))) (RULE imprimir (BLOCK (ALT PRINTF IPAREN (? (BLOCK (ALT valor (* (BLOCK (ALT ADD valor)))))) DPARENT SEMI))) (RULE pr (BLOCK (ALT ENT) (ALT LTR) (ALT DEC))) (RULE valor (BLOCK (ALT valor (= op (BLOCK (ALT '*') (ALT '/'))) valor) (ALT valor (= op (BLOCK (ALT '+') (ALT '-'))) valor) (ALT INT) (ALT FLOAT) (ALT CHAR) (ALT STRING) (ALT ID) (ALT '(' valor ')'))) (RULE ENT (BLOCK (ALT 'ent'))) (RULE LTR (BLOCK (ALT 'ltr'))) (RULE DEC (BLOCK (ALT 'dec'))) (RULE PRINTF (BLOCK (ALT 'printf'))) (RULE MUL (BLOCK (ALT '*'))) (RULE DIV (BLOCK (ALT '/'))) (RULE ADD (BLOCK (ALT '+'))) (RULE SUB (BLOCK (ALT '-'))) (RULE INICIALIZACION (BLOCK (ALT 'inicializacion'))) (RULE ASIGNACION (BLOCK (ALT '='))) (RULE LLAVE_I (BLOCK (ALT '{'))) (RULE LLAVE_F (BLOCK (ALT '}'))) (RULE ID (BLOCK (ALT (+ (BLOCK (ALT [a-zA-Z])))))) (RULE INT (BLOCK (ALT (+ (BLOCK (ALT [0-9])))))) (RULE CHAR (BLOCK (ALT [a-zA-Z]))) (RULE FLOAT (BLOCK (ALT (+ (BLOCK (ALT [0-9]))) '.' (+ (BLOCK (ALT [0-9])))))) (RULE STRING (BLOCK (ALT '"' (* (BLOCK (ALT .))) '"'))) (RULE SEMI (BLOCK (ALT ';'))) (RULE IPAREN (BLOCK (ALT '('))) (RULE DPARENT (BLOCK (ALT ')'))) (RULE WS (BLOCK (LEXER_ALT_ACTION (ALT (+ (BLOCK (ALT [ \t\r\n])))) skip)))))
2024-03-05 23:21:33:803 grammar LogManager.java:25 after: (COMBINED_GRAMMAR Compilador (RULES (RULE start (BLOCK (ALT INICIALIZACION LLAVE_I contenido LLAVE_F))) (RULE contenido (BLOCK (ALT (* (BLOCK (ALT declaracion) (ALT asignacion) (ALT imprimir)))))) (RULE declaracion (BLOCK (ALT pr ID (? (BLOCK (ALT ASIGNACION valor))) SEMI))) (RULE asignacion (BLOCK (ALT ID ASIGNACION valor SEMI))) (RULE imprimir (BLOCK (ALT PRINTF IPAREN (? (BLOCK (ALT valor (* (BLOCK (ALT ADD valor)))))) DPARENT SEMI))) (RULE pr (BLOCK (ALT ENT) (ALT LTR) (ALT DEC))) (RULE valor (BLOCK (ALT valor (= op (SET '*' '/')) valor) (ALT valor (= op (SET '+' '-')) valor) (ALT INT) (ALT FLOAT) (ALT CHAR) (ALT STRING) (ALT ID) (ALT '(' valor ')'))) (RULE ENT (BLOCK (ALT 'ent'))) (RULE LTR (BLOCK (ALT 'ltr'))) (RULE DEC (BLOCK (ALT 'dec'))) (RULE PRINTF (BLOCK (ALT 'printf'))) (RULE MUL (BLOCK (ALT '*'))) (RULE DIV (BLOCK (ALT '/'))) (RULE ADD (BLOCK (ALT '+'))) (RULE SUB (BLOCK (ALT '-'))) (RULE INICIALIZACION (BLOCK (ALT 'inicializacion'))) (RULE ASIGNACION (BLOCK (ALT '='))) (RULE LLAVE_I (BLOCK (ALT '{'))) (RULE LLAVE_F (BLOCK (ALT '}'))) (RULE ID (BLOCK (ALT (+ (BLOCK (ALT [a-zA-Z])))))) (RULE INT (BLOCK (ALT (+ (BLOCK (ALT [0-9])))))) (RULE CHAR (BLOCK (ALT [a-zA-Z]))) (RULE FLOAT (BLOCK (ALT (+ (BLOCK (ALT [0-9]))) '.' (+ (BLOCK (ALT [0-9])))))) (RULE STRING (BLOCK (ALT '"' (* (BLOCK (ALT .))) '"'))) (RULE SEMI (BLOCK (ALT ';'))) (RULE IPAREN (BLOCK (ALT '('))) (RULE DPARENT (BLOCK (ALT ')'))) (RULE WS (BLOCK (LEXER_ALT_ACTION (ALT (+ (BLOCK (ALT [ \t\r\n])))) skip)))))
2024-03-05 23:21:33:842 grammar LogManager.java:25 after extract implicit lexer =(COMBINED_GRAMMAR Compilador (RULES (RULE start (BLOCK (ALT INICIALIZACION LLAVE_I contenido LLAVE_F))) (RULE contenido (BLOCK (ALT (* (BLOCK (ALT declaracion) (ALT asignacion) (ALT imprimir)))))) (RULE declaracion (BLOCK (ALT pr ID (? (BLOCK (ALT ASIGNACION valor))) SEMI))) (RULE asignacion (BLOCK (ALT ID ASIGNACION valor SEMI))) (RULE imprimir (BLOCK (ALT PRINTF IPAREN (? (BLOCK (ALT valor (* (BLOCK (ALT ADD valor)))))) DPARENT SEMI))) (RULE pr (BLOCK (ALT ENT) (ALT LTR) (ALT DEC))) (RULE valor (BLOCK (ALT valor (= op (SET '*' '/')) valor) (ALT valor (= op (SET '+' '-')) valor) (ALT INT) (ALT FLOAT) (ALT CHAR) (ALT STRING) (ALT ID) (ALT '(' valor ')')))))
2024-03-05 23:21:33:842 grammar LogManager.java:25 lexer =(LEXER_GRAMMAR CompiladorLexer (RULES (RULE ENT (BLOCK (ALT 'ent'))) (RULE LTR (BLOCK (ALT 'ltr'))) (RULE DEC (BLOCK (ALT 'dec'))) (RULE PRINTF (BLOCK (ALT 'printf'))) (RULE MUL (BLOCK (ALT '*'))) (RULE DIV (BLOCK (ALT '/'))) (RULE ADD (BLOCK (ALT '+'))) (RULE SUB (BLOCK (ALT '-'))) (RULE INICIALIZACION (BLOCK (ALT 'inicializacion'))) (RULE ASIGNACION (BLOCK (ALT '='))) (RULE LLAVE_I (BLOCK (ALT '{'))) (RULE LLAVE_F (BLOCK (ALT '}'))) (RULE ID (BLOCK (ALT (+ (BLOCK (ALT [a-zA-Z])))))) (RULE INT (BLOCK (ALT (+ (BLOCK (ALT [0-9])))))) (RULE CHAR (BLOCK (ALT [a-zA-Z]))) (RULE FLOAT (BLOCK (ALT (+ (BLOCK (ALT [0-9]))) '.' (+ (BLOCK (ALT [0-9])))))) (RULE STRING (BLOCK (ALT '"' (* (BLOCK (ALT .))) '"'))) (RULE SEMI (BLOCK (ALT ';'))) (RULE IPAREN (BLOCK (ALT '('))) (RULE DPARENT (BLOCK (ALT ')'))) (RULE WS (BLOCK (LEXER_ALT_ACTION (ALT (+ (BLOCK (ALT [ \t\r\n])))) skip)))))
2024-03-05 23:21:34:348 left-recursion LogManager.java:25 valor
    :   ( {} INT<tokenIndex=148>                                
        | FLOAT<tokenIndex=155>                              
        | CHAR<tokenIndex=162>                               
        | STRING<tokenIndex=169>                             
        | ID<tokenIndex=176>                                 
        | '('<tokenIndex=183> valor<tokenIndex=185> ')'<tokenIndex=187>                      
        )
        (
          {this.precpred(this._ctx, 8)}?<p=8> op=('*'<tokenIndex=119>|'/'<tokenIndex=121>) valor<tokenIndex=124,p=9>
                  | {this.precpred(this._ctx, 7)}?<p=7> op=('+'<tokenIndex=136>|'-'<tokenIndex=138>) valor<tokenIndex=141,p=8>
        )*
    ;
2024-03-05 23:21:34:380 grammar LogManager.java:25 added: (RULE valor (BLOCK (ALT (BLOCK (ALT {} (INT (ELEMENT_OPTIONS (= tokenIndex 148)))) (ALT (FLOAT (ELEMENT_OPTIONS (= tokenIndex 155)))) (ALT (CHAR (ELEMENT_OPTIONS (= tokenIndex 162)))) (ALT (STRING (ELEMENT_OPTIONS (= tokenIndex 169)))) (ALT (ID (ELEMENT_OPTIONS (= tokenIndex 176)))) (ALT ('(' (ELEMENT_OPTIONS (= tokenIndex 183))) (valor (ELEMENT_OPTIONS (= tokenIndex 185))) (')' (ELEMENT_OPTIONS (= tokenIndex 187))))) (* (BLOCK (ALT ({this.precpred(this._ctx, 8)}? (ELEMENT_OPTIONS (= p 8))) (= op (SET ('*' (ELEMENT_OPTIONS (= tokenIndex 119))) ('/' (ELEMENT_OPTIONS (= tokenIndex 121))))) (valor (ELEMENT_OPTIONS (= tokenIndex 124) (= p 9)))) (ALT ({this.precpred(this._ctx, 7)}? (ELEMENT_OPTIONS (= p 7))) (= op (SET ('+' (ELEMENT_OPTIONS (= tokenIndex 136))) ('-' (ELEMENT_OPTIONS (= tokenIndex 138))))) (valor (ELEMENT_OPTIONS (= tokenIndex 141) (= p 8)))))))))
2024-03-05 23:21:34:395 semantics LogManager.java:25 tokens={EOF=-1, ENT=1, LTR=2, DEC=3, PRINTF=4, MUL=5, DIV=6, ADD=7, SUB=8, INICIALIZACION=9, ASIGNACION=10, LLAVE_I=11, LLAVE_F=12, ID=13, INT=14, CHAR=15, FLOAT=16, STRING=17, SEMI=18, IPAREN=19, DPARENT=20, WS=21}
2024-03-05 23:21:34:395 semantics LogManager.java:25 strings={'ent'=1, 'ltr'=2, 'dec'=3, 'printf'=4, '*'=5, '/'=6, '+'=7, '-'=8, 'inicializacion'=9, '='=10, '{'=11, '}'=12, ';'=18, '('=19, ')'=20}
2024-03-05 23:21:34:426 LL1 LogManager.java:25 
DECISION 0 in rule contenido
2024-03-05 23:21:34:426 LL1 LogManager.java:25 look=[{1..3}, 13, 4]
2024-03-05 23:21:34:426 LL1 LogManager.java:25 LL(1)? true
2024-03-05 23:21:34:442 LL1 LogManager.java:25 
DECISION 1 in rule contenido
2024-03-05 23:21:34:442 LL1 LogManager.java:25 look=[{1..4, 13}, 12]
2024-03-05 23:21:34:442 LL1 LogManager.java:25 LL(1)? true
2024-03-05 23:21:34:442 LL1 LogManager.java:25 
DECISION 2 in rule declaracion
2024-03-05 23:21:34:442 LL1 LogManager.java:25 look=[10, 18]
2024-03-05 23:21:34:442 LL1 LogManager.java:25 LL(1)? true
2024-03-05 23:21:34:442 LL1 LogManager.java:25 
DECISION 3 in rule imprimir
2024-03-05 23:21:34:442 LL1 LogManager.java:25 look=[7, 20]
2024-03-05 23:21:34:442 LL1 LogManager.java:25 LL(1)? true
2024-03-05 23:21:34:442 LL1 LogManager.java:25 
DECISION 4 in rule imprimir
2024-03-05 23:21:34:442 LL1 LogManager.java:25 look=[{13..17, 19}, 20]
2024-03-05 23:21:34:442 LL1 LogManager.java:25 LL(1)? true
2024-03-05 23:21:34:442 LL1 LogManager.java:25 
DECISION 5 in rule pr
2024-03-05 23:21:34:442 LL1 LogManager.java:25 look=[1, 2, 3]
2024-03-05 23:21:34:442 LL1 LogManager.java:25 LL(1)? true
2024-03-05 23:21:34:442 LL1 LogManager.java:25 
DECISION 6 in rule valor
2024-03-05 23:21:34:442 LL1 LogManager.java:25 look=[14, 16, 15, 17, 13, 19]
2024-03-05 23:21:34:442 LL1 LogManager.java:25 LL(1)? true
2024-03-05 23:21:34:442 LL1 LogManager.java:25 
DECISION 7 in rule valor
2024-03-05 23:21:34:442 LL1 LogManager.java:25 look=[null, null]
2024-03-05 23:21:34:442 LL1 LogManager.java:25 LL(1)? false
2024-03-05 23:21:34:442 LL1 LogManager.java:25 
DECISION 8 in rule valor
2024-03-05 23:21:34:442 LL1 LogManager.java:25 look=[null, null]
2024-03-05 23:21:34:442 LL1 LogManager.java:25 LL(1)? false
2024-03-05 23:21:34:489 action-translator LogManager.java:25 translate 
2024-03-05 23:21:34:489 action-translator LogManager.java:25 translate this.precpred(this._ctx, 8)
2024-03-05 23:21:34:504 action-translator LogManager.java:25 translate this.precpred(this._ctx, 7)
2024-03-05 23:21:34:504 action-translator LogManager.java:25 translate this.precpred(this._ctx, 8)
2024-03-05 23:21:34:504 action-translator LogManager.java:25 translate this.precpred(this._ctx, 7)
